=== REQUEST at 2025-12-01T07:41:09+01:00 ===
RAW BODY:
{"nombre":"Lastenia Rojas","telefono":"3217654567"}
USING JSON
Array
(
    [nombre] => Lastenia Rojas
    [telefono] => 3217654567
)
INSERT OK. ID: 12

=== REQUEST at 2025-12-01T07:56:21+01:00 ===
RAW BODY:
{"nombre":"Usuario de Prueba 1","telefono":""}
USING JSON
Array
(
    [nombre] => Usuario de Prueba 1
    [telefono] => 
)
VALIDATION FAILED: {"status":"error","msg":"Datos incompletos","received":{"nombre":"Usuario de Prueba 1","telefono":""}}

=== REQUEST at 2025-12-01T07:59:08+01:00 ===
RAW BODY:
{"nombre":"Usuario de Prueba 1","telefono":"3216789545"}
USING JSON
Array
(
    [nombre] => Usuario de Prueba 1
    [telefono] => 3216789545
)
INSERT OK. ID: 13

